c:\users\anoop\source\repos\dominopassword++\dominopassword\dominopassword\x64\debug\dominopassword.pch
c:\users\anoop\source\repos\dominopassword++\dominopassword\dominopassword\x64\debug\vc143.pdb
c:\users\anoop\source\repos\dominopassword++\dominopassword\dominopassword\x64\debug\vc143.idb
c:\users\anoop\source\repos\dominopassword++\dominopassword\dominopassword\x64\debug\pch.obj
c:\users\anoop\source\repos\dominopassword++\dominopassword\dominopassword\x64\debug\dominopassworddlg.obj
c:\users\anoop\source\repos\dominopassword++\dominopassword\dominopassword\x64\debug\dominopassword.obj
c:\users\anoop\source\repos\dominopassword++\dominopassword\x64\debug\dominopassword.exe
c:\users\anoop\source\repos\dominopassword++\dominopassword\x64\debug\dominopassword.pdb
c:\users\anoop\source\repos\dominopassword++\dominopassword\dominopassword\x64\debug\dominopassword.res
c:\users\anoop\source\repos\dominopassword++\dominopassword\dominopassword\x64\debug\dominopassword.ilk
c:\users\anoop\source\repos\dominopassword++\dominopassword\dominopassword\x64\debug\dominopassword.tlog\cl.command.1.tlog
c:\users\anoop\source\repos\dominopassword++\dominopassword\dominopassword\x64\debug\dominopassword.tlog\cl.items.tlog
c:\users\anoop\source\repos\dominopassword++\dominopassword\dominopassword\x64\debug\dominopassword.tlog\cl.read.1.tlog
c:\users\anoop\source\repos\dominopassword++\dominopassword\dominopassword\x64\debug\dominopassword.tlog\cl.write.1.tlog
c:\users\anoop\source\repos\dominopassword++\dominopassword\dominopassword\x64\debug\dominopassword.tlog\link.command.1.tlog
c:\users\anoop\source\repos\dominopassword++\dominopassword\dominopassword\x64\debug\dominopassword.tlog\link.read.1.tlog
c:\users\anoop\source\repos\dominopassword++\dominopassword\dominopassword\x64\debug\dominopassword.tlog\link.secondary.1.tlog
c:\users\anoop\source\repos\dominopassword++\dominopassword\dominopassword\x64\debug\dominopassword.tlog\link.write.1.tlog
c:\users\anoop\source\repos\dominopassword++\dominopassword\dominopassword\x64\debug\dominopassword.tlog\rc.command.1.tlog
c:\users\anoop\source\repos\dominopassword++\dominopassword\dominopassword\x64\debug\dominopassword.tlog\rc.read.1.tlog
c:\users\anoop\source\repos\dominopassword++\dominopassword\dominopassword\x64\debug\dominopassword.tlog\rc.write.1.tlog
