c:\users\anoop\source\repos\dominopassword++\dominopassword\dominopassword\x64\release\dominopassword.pch
c:\users\anoop\source\repos\dominopassword++\dominopassword\dominopassword\x64\release\vc143.pdb
c:\users\anoop\source\repos\dominopassword++\dominopassword\dominopassword\x64\release\pch.obj
c:\users\anoop\source\repos\dominopassword++\dominopassword\dominopassword\x64\release\dominopassworddlg.obj
c:\users\anoop\source\repos\dominopassword++\dominopassword\dominopassword\x64\release\dominopassword.obj
c:\users\anoop\source\repos\dominopassword++\dominopassword\x64\release\dominopassword.exe
c:\users\anoop\source\repos\dominopassword++\dominopassword\x64\release\dominopassword.pdb
c:\users\anoop\source\repos\dominopassword++\dominopassword\dominopassword\x64\release\dominopassword.res
c:\users\anoop\source\repos\dominopassword++\dominopassword\dominopassword\x64\release\dominopassword.ipdb
c:\users\anoop\source\repos\dominopassword++\dominopassword\dominopassword\x64\release\dominopassword.iobj
c:\users\anoop\source\repos\dominopassword++\dominopassword\dominopassword\x64\release\dominopassword.tlog\cl.command.1.tlog
c:\users\anoop\source\repos\dominopassword++\dominopassword\dominopassword\x64\release\dominopassword.tlog\cl.items.tlog
c:\users\anoop\source\repos\dominopassword++\dominopassword\dominopassword\x64\release\dominopassword.tlog\cl.read.1.tlog
c:\users\anoop\source\repos\dominopassword++\dominopassword\dominopassword\x64\release\dominopassword.tlog\cl.write.1.tlog
c:\users\anoop\source\repos\dominopassword++\dominopassword\dominopassword\x64\release\dominopassword.tlog\link.command.1.tlog
c:\users\anoop\source\repos\dominopassword++\dominopassword\dominopassword\x64\release\dominopassword.tlog\link.read.1.tlog
c:\users\anoop\source\repos\dominopassword++\dominopassword\dominopassword\x64\release\dominopassword.tlog\link.secondary.1.tlog
c:\users\anoop\source\repos\dominopassword++\dominopassword\dominopassword\x64\release\dominopassword.tlog\link.write.1.tlog
c:\users\anoop\source\repos\dominopassword++\dominopassword\dominopassword\x64\release\dominopassword.tlog\rc.command.1.tlog
c:\users\anoop\source\repos\dominopassword++\dominopassword\dominopassword\x64\release\dominopassword.tlog\rc.read.1.tlog
c:\users\anoop\source\repos\dominopassword++\dominopassword\dominopassword\x64\release\dominopassword.tlog\rc.write.1.tlog
